
info: https://localhost:3001 {"timestamp":"2021-06-26T08:19:27.241Z"}
info: https://localhost:3001 {"timestamp":"2021-06-26T08:30:56.825Z"}
info: https://localhost:3001 {"timestamp":"2021-06-26T08:31:08.102Z"}
info: https://localhost:3001 {"timestamp":"2021-06-26T08:31:09.207Z"}
info: https://localhost:3001 {"timestamp":"2021-06-26T08:31:15.595Z"}
info: https://localhost:3001 {"timestamp":"2021-06-26T08:31:21.841Z"}
info: https://localhost:3001 {"timestamp":"2021-06-26T08:31:28.550Z"}
info: https://localhost:3001 {"timestamp":"2021-06-26T08:31:34.550Z"}
info: https://localhost:3001 {"timestamp":"2021-06-26T08:31:35.236Z"}
info: https://localhost:3001 {"timestamp":"2021-06-26T08:32:06.724Z"}
info: https://localhost:3001 {"timestamp":"2021-06-26T08:32:23.328Z"}
info: https://localhost:3001 {"timestamp":"2021-06-26T08:32:51.411Z"}
info: https://localhost:3001 {"timestamp":"2021-06-26T08:33:10.183Z"}
info: https://localhost:3001 {"timestamp":"2021-06-26T08:33:13.012Z"}
info: https://localhost:3001 {"timestamp":"2021-06-26T08:33:20.199Z"}
info: https://localhost:3001 {"timestamp":"2021-06-26T08:35:53.595Z"}
info: https://localhost:3001 {"timestamp":"2021-06-26T08:49:25.916Z"}
info: https://localhost:3001 {"timestamp":"2021-06-26T08:58:32.418Z"}
info: https://localhost:3001 {"timestamp":"2021-06-26T08:58:40.424Z"}
info: https://localhost:3001 {"timestamp":"2021-06-26T08:58:55.729Z"}
info: https://localhost:3001 {"timestamp":"2021-06-26T08:59:53.291Z"}
info: https://localhost:3001 {"timestamp":"2021-06-27T05:29:51.782Z"}
info: https://localhost:3001 {"timestamp":"2021-06-27T05:31:34.768Z"}
info: https://localhost:3001 {"timestamp":"2021-06-27T05:31:38.119Z"}
info: https://localhost:3001 {"timestamp":"2021-06-27T05:31:41.096Z"}
info: https://localhost:3001 {"timestamp":"2021-06-27T05:31:43.262Z"}
info: https://localhost:3001 {"timestamp":"2021-06-27T05:31:47.320Z"}
info: https://localhost:3001 {"timestamp":"2021-06-27T05:32:48.738Z"}
info: https://localhost:3001 {"timestamp":"2021-06-27T05:33:24.672Z"}
info: https://localhost:3001 {"timestamp":"2021-06-27T05:33:28.117Z"}
info: https://localhost:3001 {"timestamp":"2021-06-27T05:33:32.945Z"}
info: https://localhost:3001 {"timestamp":"2021-06-27T05:33:36.274Z"}
info: https://localhost:3001 {"timestamp":"2021-06-27T05:33:38.750Z"}
info: https://localhost:3001 {"timestamp":"2021-06-27T05:33:43.060Z"}
info: https://localhost:3001 {"timestamp":"2021-06-27T05:33:46.231Z"}
info: https://localhost:3001 {"timestamp":"2021-06-27T05:33:49.670Z"}
info: https://localhost:3001 {"timestamp":"2021-06-27T05:33:52.350Z"}
info: https://localhost:3001 {"timestamp":"2021-06-27T05:33:53.646Z"}
info: https://localhost:3001 {"timestamp":"2021-06-27T05:33:55.536Z"}
info: https://localhost:3001 {"timestamp":"2021-06-27T05:33:57.528Z"}
info: https://localhost:3001 {"timestamp":"2021-06-27T05:34:01.695Z"}
info: https://localhost:3001 {"timestamp":"2021-06-27T05:34:06.992Z"}
info: https://localhost:3001 {"timestamp":"2021-06-27T05:34:17.569Z"}
info: https://localhost:3001 {"timestamp":"2021-06-27T05:34:23.554Z"}
info: https://localhost:3001 {"timestamp":"2021-06-27T05:34:25.978Z"}
info: https://localhost:3001 {"timestamp":"2021-06-27T05:34:27.499Z"}
info: https://localhost:3001 {"timestamp":"2021-06-27T05:34:31.076Z"}
info: https://localhost:3001 {"timestamp":"2021-06-27T05:38:36.462Z"}
info: /home.html {"timestamp":"2021-06-27T06:10:56.533Z"}
info: GET {"timestamp":"2021-06-27T06:10:56.533Z"}
info: /home.html {"timestamp":"2021-06-27T06:10:56.533Z"}
info: undefined {"timestamp":"2021-06-27T06:10:56.534Z"}
info: /css/site.css {"timestamp":"2021-06-27T06:10:56.726Z"}
info: GET {"timestamp":"2021-06-27T06:10:56.726Z"}
info: /css/site.css {"timestamp":"2021-06-27T06:10:56.726Z"}
info: undefined {"timestamp":"2021-06-27T06:10:56.726Z"}
info: /images/logo.png {"timestamp":"2021-06-27T06:10:56.728Z"}
info: GET {"timestamp":"2021-06-27T06:10:56.728Z"}
info: /images/logo.png {"timestamp":"2021-06-27T06:10:56.728Z"}
info: undefined {"timestamp":"2021-06-27T06:10:56.728Z"}
info: /images/beedesignerstudiologo.png {"timestamp":"2021-06-27T06:10:56.730Z"}
info: GET {"timestamp":"2021-06-27T06:10:56.730Z"}
info: /images/beedesignerstudiologo.png {"timestamp":"2021-06-27T06:10:56.730Z"}
info: undefined {"timestamp":"2021-06-27T06:10:56.730Z"}
info: /login.html {"timestamp":"2021-06-27T06:10:58.461Z"}
info: GET {"timestamp":"2021-06-27T06:10:58.461Z"}
info: /login.html {"timestamp":"2021-06-27T06:10:58.461Z"}
info: undefined {"timestamp":"2021-06-27T06:10:58.461Z"}
info: /css/site.css {"timestamp":"2021-06-27T06:10:58.632Z"}
info: GET {"timestamp":"2021-06-27T06:10:58.632Z"}
info: /css/site.css {"timestamp":"2021-06-27T06:10:58.632Z"}
info: undefined {"timestamp":"2021-06-27T06:10:58.632Z"}
info: /js/axios.js {"timestamp":"2021-06-27T06:10:58.633Z"}
info: GET {"timestamp":"2021-06-27T06:10:58.633Z"}
info: /js/axios.js {"timestamp":"2021-06-27T06:10:58.633Z"}
info: undefined {"timestamp":"2021-06-27T06:10:58.633Z"}
info: /js/login.js {"timestamp":"2021-06-27T06:10:58.634Z"}
info: GET {"timestamp":"2021-06-27T06:10:58.634Z"}
info: /js/login.js {"timestamp":"2021-06-27T06:10:58.634Z"}
info: undefined {"timestamp":"2021-06-27T06:10:58.634Z"}
info: /js/global.js {"timestamp":"2021-06-27T06:10:58.641Z"}
info: GET {"timestamp":"2021-06-27T06:10:58.641Z"}
info: /js/global.js {"timestamp":"2021-06-27T06:10:58.641Z"}
info: undefined {"timestamp":"2021-06-27T06:10:58.641Z"}
info: /images/logo.png {"timestamp":"2021-06-27T06:10:58.644Z"}
info: GET {"timestamp":"2021-06-27T06:10:58.645Z"}
info: /images/logo.png {"timestamp":"2021-06-27T06:10:58.645Z"}
info: undefined {"timestamp":"2021-06-27T06:10:58.645Z"}
info: /login.html? {"timestamp":"2021-06-27T06:11:03.491Z"}
info: GET {"timestamp":"2021-06-27T06:11:03.491Z"}
info: /login.html {"timestamp":"2021-06-27T06:11:03.492Z"}
info: undefined {"timestamp":"2021-06-27T06:11:03.492Z"}
info: /css/site.css {"timestamp":"2021-06-27T06:11:03.658Z"}
info: GET {"timestamp":"2021-06-27T06:11:03.659Z"}
info: /css/site.css {"timestamp":"2021-06-27T06:11:03.659Z"}
info: undefined {"timestamp":"2021-06-27T06:11:03.659Z"}
info: /js/axios.js {"timestamp":"2021-06-27T06:11:03.660Z"}
info: GET {"timestamp":"2021-06-27T06:11:03.660Z"}
info: /js/axios.js {"timestamp":"2021-06-27T06:11:03.660Z"}
info: undefined {"timestamp":"2021-06-27T06:11:03.660Z"}
info: /js/login.js {"timestamp":"2021-06-27T06:11:03.667Z"}
info: GET {"timestamp":"2021-06-27T06:11:03.667Z"}
info: /js/login.js {"timestamp":"2021-06-27T06:11:03.667Z"}
info: undefined {"timestamp":"2021-06-27T06:11:03.667Z"}
info: /js/global.js {"timestamp":"2021-06-27T06:11:03.668Z"}
info: GET {"timestamp":"2021-06-27T06:11:03.668Z"}
info: /js/global.js {"timestamp":"2021-06-27T06:11:03.668Z"}
info: undefined {"timestamp":"2021-06-27T06:11:03.668Z"}
info: /images/logo.png {"timestamp":"2021-06-27T06:11:03.669Z"}
info: GET {"timestamp":"2021-06-27T06:11:03.669Z"}
info: /images/logo.png {"timestamp":"2021-06-27T06:11:03.669Z"}
info: undefined {"timestamp":"2021-06-27T06:11:03.670Z"}
info: /login.html? {"timestamp":"2021-06-27T06:11:10.260Z"}
info: GET {"timestamp":"2021-06-27T06:11:10.260Z"}
info: /login.html {"timestamp":"2021-06-27T06:11:10.260Z"}
info: undefined {"timestamp":"2021-06-27T06:11:10.260Z"}
info: /css/site.css {"timestamp":"2021-06-27T06:11:10.436Z"}
info: GET {"timestamp":"2021-06-27T06:11:10.436Z"}
info: /css/site.css {"timestamp":"2021-06-27T06:11:10.436Z"}
info: undefined {"timestamp":"2021-06-27T06:11:10.436Z"}
info: /js/axios.js {"timestamp":"2021-06-27T06:11:10.437Z"}
info: GET {"timestamp":"2021-06-27T06:11:10.437Z"}
info: /js/axios.js {"timestamp":"2021-06-27T06:11:10.437Z"}
info: undefined {"timestamp":"2021-06-27T06:11:10.437Z"}
info: /js/login.js {"timestamp":"2021-06-27T06:11:10.445Z"}
info: GET {"timestamp":"2021-06-27T06:11:10.445Z"}
info: /js/login.js {"timestamp":"2021-06-27T06:11:10.445Z"}
info: undefined {"timestamp":"2021-06-27T06:11:10.445Z"}
info: /images/logo.png {"timestamp":"2021-06-27T06:11:10.446Z"}
info: GET {"timestamp":"2021-06-27T06:11:10.446Z"}
info: /images/logo.png {"timestamp":"2021-06-27T06:11:10.446Z"}
info: undefined {"timestamp":"2021-06-27T06:11:10.446Z"}
info: /js/global.js {"timestamp":"2021-06-27T06:11:10.447Z"}
info: GET {"timestamp":"2021-06-27T06:11:10.447Z"}
info: /js/global.js {"timestamp":"2021-06-27T06:11:10.447Z"}
info: undefined {"timestamp":"2021-06-27T06:11:10.447Z"}
info: /css/site.css {"timestamp":"2021-06-27T06:11:17.656Z"}
info: GET {"timestamp":"2021-06-27T06:11:17.656Z"}
info: /css/site.css {"timestamp":"2021-06-27T06:11:17.656Z"}
info: undefined {"timestamp":"2021-06-27T06:11:17.656Z"}
info: /js/axios.min.map {"timestamp":"2021-06-27T06:11:17.692Z"}
info: GET {"timestamp":"2021-06-27T06:11:17.692Z"}
info: /js/axios.min.map {"timestamp":"2021-06-27T06:11:17.693Z"}
info: undefined {"timestamp":"2021-06-27T06:11:17.693Z"}
info: /login.html? {"timestamp":"2021-06-27T06:11:37.076Z"}
info: GET {"timestamp":"2021-06-27T06:11:37.076Z"}
info: /login.html {"timestamp":"2021-06-27T06:11:37.076Z"}
info: undefined {"timestamp":"2021-06-27T06:11:37.076Z"}
info: /css/site.css {"timestamp":"2021-06-27T06:11:37.257Z"}
info: GET {"timestamp":"2021-06-27T06:11:37.257Z"}
info: /css/site.css {"timestamp":"2021-06-27T06:11:37.257Z"}
info: undefined {"timestamp":"2021-06-27T06:11:37.257Z"}
info: /js/axios.js {"timestamp":"2021-06-27T06:11:37.258Z"}
info: GET {"timestamp":"2021-06-27T06:11:37.258Z"}
info: /js/axios.js {"timestamp":"2021-06-27T06:11:37.258Z"}
info: undefined {"timestamp":"2021-06-27T06:11:37.258Z"}
info: /js/global.js {"timestamp":"2021-06-27T06:11:37.264Z"}
info: GET {"timestamp":"2021-06-27T06:11:37.265Z"}
info: /js/global.js {"timestamp":"2021-06-27T06:11:37.265Z"}
info: undefined {"timestamp":"2021-06-27T06:11:37.265Z"}
info: /js/login.js {"timestamp":"2021-06-27T06:11:37.266Z"}
info: GET {"timestamp":"2021-06-27T06:11:37.266Z"}
info: /js/login.js {"timestamp":"2021-06-27T06:11:37.267Z"}
info: undefined {"timestamp":"2021-06-27T06:11:37.267Z"}
info: /images/logo.png {"timestamp":"2021-06-27T06:11:37.267Z"}
info: GET {"timestamp":"2021-06-27T06:11:37.267Z"}
info: /images/logo.png {"timestamp":"2021-06-27T06:11:37.267Z"}
info: undefined {"timestamp":"2021-06-27T06:11:37.268Z"}
info: /css/site.css {"timestamp":"2021-06-27T06:11:39.916Z"}
info: GET {"timestamp":"2021-06-27T06:11:39.916Z"}
info: /css/site.css {"timestamp":"2021-06-27T06:11:39.916Z"}
info: undefined {"timestamp":"2021-06-27T06:11:39.917Z"}
info: /js/axios.min.map {"timestamp":"2021-06-27T06:11:39.963Z"}
info: GET {"timestamp":"2021-06-27T06:11:39.963Z"}
info: /js/axios.min.map {"timestamp":"2021-06-27T06:11:39.963Z"}
info: undefined {"timestamp":"2021-06-27T06:11:39.963Z"}
info: https://localhost:3001 {"timestamp":"2021-06-27T06:13:32.857Z"}
info: https://localhost:3001 {"timestamp":"2021-06-27T06:13:38.274Z"}
info: https://localhost:3001 {"timestamp":"2021-06-27T06:13:39.890Z"}
info: https://localhost:3001 {"timestamp":"2021-06-27T06:13:42.560Z"}
info: https://localhost:3001 {"timestamp":"2021-06-27T06:13:45.967Z"}
info: https://localhost:3001 {"timestamp":"2021-06-27T06:13:59.898Z"}
info: /login.html? {"timestamp":"2021-06-27T06:14:03.361Z"}
info: GET {"timestamp":"2021-06-27T06:14:03.362Z"}
info: /login.html {"timestamp":"2021-06-27T06:14:03.362Z"}
info: undefined {"timestamp":"2021-06-27T06:14:03.363Z"}
info: /css/site.css {"timestamp":"2021-06-27T06:14:03.571Z"}
info: GET {"timestamp":"2021-06-27T06:14:03.571Z"}
info: /css/site.css {"timestamp":"2021-06-27T06:14:03.571Z"}
info: undefined {"timestamp":"2021-06-27T06:14:03.572Z"}
info: /js/axios.js {"timestamp":"2021-06-27T06:14:03.574Z"}
info: GET {"timestamp":"2021-06-27T06:14:03.574Z"}
info: /js/axios.js {"timestamp":"2021-06-27T06:14:03.574Z"}
info: undefined {"timestamp":"2021-06-27T06:14:03.575Z"}
info: /js/global.js {"timestamp":"2021-06-27T06:14:03.581Z"}
info: GET {"timestamp":"2021-06-27T06:14:03.582Z"}
info: /js/global.js {"timestamp":"2021-06-27T06:14:03.582Z"}
info: undefined {"timestamp":"2021-06-27T06:14:03.583Z"}
info: /js/login.js {"timestamp":"2021-06-27T06:14:03.583Z"}
info: GET {"timestamp":"2021-06-27T06:14:03.584Z"}
info: /js/login.js {"timestamp":"2021-06-27T06:14:03.584Z"}
info: undefined {"timestamp":"2021-06-27T06:14:03.585Z"}
info: /images/logo.png {"timestamp":"2021-06-27T06:14:03.586Z"}
info: GET {"timestamp":"2021-06-27T06:14:03.586Z"}
info: /images/logo.png {"timestamp":"2021-06-27T06:14:03.587Z"}
info: undefined {"timestamp":"2021-06-27T06:14:03.587Z"}
info: /js/axios.min.map {"timestamp":"2021-06-27T06:14:03.700Z"}
info: GET {"timestamp":"2021-06-27T06:14:03.701Z"}
info: /js/axios.min.map {"timestamp":"2021-06-27T06:14:03.702Z"}
info: undefined {"timestamp":"2021-06-27T06:14:03.702Z"}
info: /login.html? {"timestamp":"2021-06-27T06:14:08.315Z"}
info: GET {"timestamp":"2021-06-27T06:14:08.316Z"}
info: /login.html {"timestamp":"2021-06-27T06:14:08.316Z"}
info: undefined {"timestamp":"2021-06-27T06:14:08.317Z"}
info: /css/site.css {"timestamp":"2021-06-27T06:14:08.503Z"}
info: GET {"timestamp":"2021-06-27T06:14:08.504Z"}
info: /css/site.css {"timestamp":"2021-06-27T06:14:08.504Z"}
info: undefined {"timestamp":"2021-06-27T06:14:08.505Z"}
info: /js/axios.js {"timestamp":"2021-06-27T06:14:08.506Z"}
info: GET {"timestamp":"2021-06-27T06:14:08.506Z"}
info: /js/axios.js {"timestamp":"2021-06-27T06:14:08.506Z"}
info: undefined {"timestamp":"2021-06-27T06:14:08.507Z"}
info: /js/login.js {"timestamp":"2021-06-27T06:14:08.509Z"}
info: GET {"timestamp":"2021-06-27T06:14:08.509Z"}
info: /js/login.js {"timestamp":"2021-06-27T06:14:08.510Z"}
info: undefined {"timestamp":"2021-06-27T06:14:08.510Z"}
info: /js/global.js {"timestamp":"2021-06-27T06:14:08.511Z"}
info: GET {"timestamp":"2021-06-27T06:14:08.511Z"}
info: /js/global.js {"timestamp":"2021-06-27T06:14:08.512Z"}
info: undefined {"timestamp":"2021-06-27T06:14:08.512Z"}
info: /images/logo.png {"timestamp":"2021-06-27T06:14:08.513Z"}
info: GET {"timestamp":"2021-06-27T06:14:08.514Z"}
info: /images/logo.png {"timestamp":"2021-06-27T06:14:08.514Z"}
info: undefined {"timestamp":"2021-06-27T06:14:08.514Z"}
info: /js/axios.min.map {"timestamp":"2021-06-27T06:14:08.630Z"}
info: GET {"timestamp":"2021-06-27T06:14:08.630Z"}
info: /js/axios.min.map {"timestamp":"2021-06-27T06:14:08.631Z"}
info: undefined {"timestamp":"2021-06-27T06:14:08.631Z"}
info: https://localhost:3001 {"timestamp":"2021-06-27T06:14:22.804Z"}
info: https://localhost:3001 {"timestamp":"2021-06-27T06:14:24.037Z"}
info: https://localhost:3001 {"timestamp":"2021-06-27T06:14:25.576Z"}
info: /login.html? {"timestamp":"2021-06-27T06:14:30.003Z"}
info: GET {"timestamp":"2021-06-27T06:14:30.003Z"}
info: /login.html {"timestamp":"2021-06-27T06:14:30.004Z"}
info: undefined {"timestamp":"2021-06-27T06:14:30.005Z"}
info: /css/site.css {"timestamp":"2021-06-27T06:14:30.219Z"}
info: GET {"timestamp":"2021-06-27T06:14:30.220Z"}
info: /css/site.css {"timestamp":"2021-06-27T06:14:30.220Z"}
info: undefined {"timestamp":"2021-06-27T06:14:30.221Z"}
info: /js/axios.js {"timestamp":"2021-06-27T06:14:30.222Z"}
info: GET {"timestamp":"2021-06-27T06:14:30.222Z"}
info: /js/axios.js {"timestamp":"2021-06-27T06:14:30.223Z"}
info: undefined {"timestamp":"2021-06-27T06:14:30.223Z"}
info: /js/login.js {"timestamp":"2021-06-27T06:14:30.229Z"}
info: GET {"timestamp":"2021-06-27T06:14:30.229Z"}
info: /js/login.js {"timestamp":"2021-06-27T06:14:30.229Z"}
info: undefined {"timestamp":"2021-06-27T06:14:30.230Z"}
info: /js/global.js {"timestamp":"2021-06-27T06:14:30.231Z"}
info: GET {"timestamp":"2021-06-27T06:14:30.231Z"}
info: /js/global.js {"timestamp":"2021-06-27T06:14:30.232Z"}
info: undefined {"timestamp":"2021-06-27T06:14:30.232Z"}
info: /images/logo.png {"timestamp":"2021-06-27T06:14:30.233Z"}
info: GET {"timestamp":"2021-06-27T06:14:30.234Z"}
info: /images/logo.png {"timestamp":"2021-06-27T06:14:30.234Z"}
info: undefined {"timestamp":"2021-06-27T06:14:30.234Z"}
info: /js/axios.min.map {"timestamp":"2021-06-27T06:14:30.362Z"}
info: GET {"timestamp":"2021-06-27T06:14:30.363Z"}
info: /js/axios.min.map {"timestamp":"2021-06-27T06:14:30.363Z"}
info: undefined {"timestamp":"2021-06-27T06:14:30.363Z"}
info: https://localhost:3001 {"timestamp":"2021-06-27T06:14:44.127Z"}
info: https://localhost:3001 {"timestamp":"2021-06-27T06:14:50.725Z"}
info: https://localhost:3001 {"timestamp":"2021-06-27T06:15:30.358Z"}
info: https://localhost:3001 {"timestamp":"2021-06-27T06:15:57.594Z"}
info: https://localhost:3001 {"timestamp":"2021-06-27T06:16:01.731Z"}
info: /login.html? {"timestamp":"2021-06-27T06:16:07.149Z"}
info: GET {"timestamp":"2021-06-27T06:16:07.150Z"}
info: /login.html {"timestamp":"2021-06-27T06:16:07.150Z"}
info: undefined {"timestamp":"2021-06-27T06:16:07.151Z"}
info: /css/site.css {"timestamp":"2021-06-27T06:16:07.355Z"}
info: GET {"timestamp":"2021-06-27T06:16:07.356Z"}
info: /css/site.css {"timestamp":"2021-06-27T06:16:07.356Z"}
info: undefined {"timestamp":"2021-06-27T06:16:07.357Z"}
info: /js/axios.js {"timestamp":"2021-06-27T06:16:07.358Z"}
info: GET {"timestamp":"2021-06-27T06:16:07.358Z"}
info: /js/axios.js {"timestamp":"2021-06-27T06:16:07.359Z"}
info: undefined {"timestamp":"2021-06-27T06:16:07.359Z"}
info: /js/login.js {"timestamp":"2021-06-27T06:16:07.365Z"}
info: GET {"timestamp":"2021-06-27T06:16:07.365Z"}
info: /js/login.js {"timestamp":"2021-06-27T06:16:07.366Z"}
info: undefined {"timestamp":"2021-06-27T06:16:07.366Z"}
info: /images/logo.png {"timestamp":"2021-06-27T06:16:07.367Z"}
info: GET {"timestamp":"2021-06-27T06:16:07.368Z"}
info: /images/logo.png {"timestamp":"2021-06-27T06:16:07.368Z"}
info: undefined {"timestamp":"2021-06-27T06:16:07.368Z"}
info: /js/global.js {"timestamp":"2021-06-27T06:16:07.369Z"}
info: GET {"timestamp":"2021-06-27T06:16:07.370Z"}
info: /js/global.js {"timestamp":"2021-06-27T06:16:07.370Z"}
info: undefined {"timestamp":"2021-06-27T06:16:07.370Z"}
info: /js/axios.min.map {"timestamp":"2021-06-27T06:16:07.506Z"}
info: GET {"timestamp":"2021-06-27T06:16:07.506Z"}
info: /js/axios.min.map {"timestamp":"2021-06-27T06:16:07.507Z"}
info: undefined {"timestamp":"2021-06-27T06:16:07.507Z"}
info: /login.html? {"timestamp":"2021-06-27T06:16:27.192Z"}
info: GET {"timestamp":"2021-06-27T06:16:27.193Z"}
info: /login.html {"timestamp":"2021-06-27T06:16:27.193Z"}
info: undefined {"timestamp":"2021-06-27T06:16:27.194Z"}
info: /css/site.css {"timestamp":"2021-06-27T06:16:27.389Z"}
info: GET {"timestamp":"2021-06-27T06:16:27.390Z"}
info: /css/site.css {"timestamp":"2021-06-27T06:16:27.391Z"}
info: undefined {"timestamp":"2021-06-27T06:16:27.391Z"}
info: /js/axios.js {"timestamp":"2021-06-27T06:16:27.392Z"}
info: GET {"timestamp":"2021-06-27T06:16:27.392Z"}
info: /js/axios.js {"timestamp":"2021-06-27T06:16:27.393Z"}
info: undefined {"timestamp":"2021-06-27T06:16:27.393Z"}
info: /js/global.js {"timestamp":"2021-06-27T06:16:27.399Z"}
info: GET {"timestamp":"2021-06-27T06:16:27.400Z"}
info: /js/global.js {"timestamp":"2021-06-27T06:16:27.400Z"}
info: undefined {"timestamp":"2021-06-27T06:16:27.400Z"}
info: /js/login.js {"timestamp":"2021-06-27T06:16:27.401Z"}
info: GET {"timestamp":"2021-06-27T06:16:27.402Z"}
info: /js/login.js {"timestamp":"2021-06-27T06:16:27.402Z"}
info: undefined {"timestamp":"2021-06-27T06:16:27.402Z"}
info: /images/logo.png {"timestamp":"2021-06-27T06:16:27.404Z"}
info: GET {"timestamp":"2021-06-27T06:16:27.405Z"}
info: /images/logo.png {"timestamp":"2021-06-27T06:16:27.406Z"}
info: undefined {"timestamp":"2021-06-27T06:16:27.406Z"}
info: /js/axios.min.map {"timestamp":"2021-06-27T06:16:27.530Z"}
info: GET {"timestamp":"2021-06-27T06:16:27.531Z"}
info: /js/axios.min.map {"timestamp":"2021-06-27T06:16:27.531Z"}
info: undefined {"timestamp":"2021-06-27T06:16:27.531Z"}
